30-04-2018 15:40   -> Texte#check (grand check complet avec sauvegarde)
30-04-2018 15:40   Création de l’occurence "un"
30-04-2018 15:40   Ajout d’une occurence de "un"
30-04-2018 15:40   Création de l’occurence "texte"
30-04-2018 15:40   Ajout d’une occurence de "texte"
30-04-2018 15:40   Création de l’occurence "pour"
30-04-2018 15:40   Ajout d’une occurence de "pour"
30-04-2018 15:40   Création de l’occurence "voir"
30-04-2018 15:40   Ajout d’une occurence de "voir"
30-04-2018 15:40   Création de l’occurence "le"
30-04-2018 15:40   Ajout d’une occurence de "le"
30-04-2018 15:40   Ajout d’une occurence de "texte"
30-04-2018 15:40   Création de l’occurence "et"
30-04-2018 15:40   Ajout d’une occurence de "et"
30-04-2018 15:40   Ajout d’une occurence de "voir"
30-04-2018 15:40   Ajout d’une occurence de "un"
30-04-2018 15:40   Création de l’occurence "autre"
30-04-2018 15:40   Ajout d’une occurence de "autre"
30-04-2018 15:40   Ajout d’une occurence de "texte"
30-04-2018 15:40   Ajout d’une occurence de "pour"
30-04-2018 15:40   Ajout d’une occurence de "voir"
30-04-2018 15:40   -> Texte#save_mots
30-04-2018 15:40   -> Prox#show_informations
30-04-2018 15:40   Création de l’occurence "bonjour"
30-04-2018 15:40   Ajout d’une occurence de "bonjour"
30-04-2018 15:41   -> Texte#save_mots
30-04-2018 15:41   -> Prox#show_informations
